# JRE version: Java(TM) SE Runtime Environment 18.9 (11.0.12+8) (build 11.0.12+8-LTS-237)
# Java VM: Java HotSpot(TM) 64-Bit Server VM 18.9 (11.0.12+8-LTS-237, mixed mode, tiered, compressed oops, g1 gc, windows-amd64)
Heap:
 garbage-first heap   total 187392K, used 28366K [0x0000000082800000, 0x0000000100000000)
  region size 1024K, 13 young (13312K), 8 survivors (8192K)
 Metaspace       used 58386K, capacity 60234K, committed 60540K, reserved 1101824K
  class space    used 7559K, capacity 8282K, committed 8396K, reserved 1048576K
GC Heap History (10 events):
Event: 2.641 GC heap before
{Heap before GC invocations=6 (full 0):
 garbage-first heap   total 155648K, used 99191K [0x0000000082800000, 0x0000000100000000)
  region size 1024K, 91 young (93184K), 5 survivors (5120K)
 Metaspace       used 33552K, capacity 34824K, committed 35068K, reserved 1079296K
  class space    used 4120K, capacity 4605K, committed 4684K, reserved 1048576K
}
Event: 2.648 GC heap after
{Heap after GC invocations=7 (full 0):
 garbage-first heap   total 155648K, used 15360K [0x0000000082800000, 0x0000000100000000)
  region size 1024K, 8 young (8192K), 8 survivors (8192K)
 Metaspace       used 33552K, capacity 34824K, committed 35068K, reserved 1079296K
  class space    used 4120K, capacity 4605K, committed 4684K, reserved 1048576K
}
Event: 2.800 GC heap before
{Heap before GC invocations=7 (full 0):
 garbage-first heap   total 155648K, used 47104K [0x0000000082800000, 0x0000000100000000)
  region size 1024K, 41 young (41984K), 8 survivors (8192K)
 Metaspace       used 34641K, capacity 35892K, committed 35964K, reserved 1081344K
  class space    used 4278K, capacity 4792K, committed 4812K, reserved 1048576K
}
Event: 2.808 GC heap after
{Heap after GC invocations=8 (full 0):
 garbage-first heap   total 155648K, used 16574K [0x0000000082800000, 0x0000000100000000)
  region size 1024K, 8 young (8192K), 8 survivors (8192K)
 Metaspace       used 34641K, capacity 35892K, committed 35964K, reserved 1081344K
  class space    used 4278K, capacity 4792K, committed 4812K, reserved 1048576K
}
Event: 3.716 GC heap before
{Heap before GC invocations=9 (full 0):
 garbage-first heap   total 155648K, used 90302K [0x0000000082800000, 0x0000000100000000)
  region size 1024K, 80 young (81920K), 8 survivors (8192K)
 Metaspace       used 46836K, capacity 48280K, committed 48508K, reserved 1091584K
  class space    used 5928K, capacity 6530K, committed 6604K, reserved 1048576K
}
Event: 3.727 GC heap after
{Heap after GC invocations=10 (full 0):
 garbage-first heap   total 155648K, used 19155K [0x0000000082800000, 0x0000000100000000)
  region size 1024K, 8 young (8192K), 8 survivors (8192K)
 Metaspace       used 46836K, capacity 48280K, committed 48508K, reserved 1091584K
  class space    used 5928K, capacity 6530K, committed 6604K, reserved 1048576K
}
Event: 4.839 GC heap before
{Heap before GC invocations=10 (full 0):
 garbage-first heap   total 155648K, used 96979K [0x0000000082800000, 0x0000000100000000)
  region size 1024K, 84 young (86016K), 8 survivors (8192K)
 Metaspace       used 53947K, capacity 55607K, committed 55804K, reserved 1097728K
  class space    used 7052K, capacity 7685K, committed 7756K, reserved 1048576K
}
Event: 4.850 GC heap after
{Heap after GC invocations=11 (full 0):
 garbage-first heap   total 187392K, used 22729K [0x0000000082800000, 0x0000000100000000)
  region size 1024K, 8 young (8192K), 8 survivors (8192K)
 Metaspace       used 53947K, capacity 55607K, committed 55804K, reserved 1097728K
  class space    used 7052K, capacity 7685K, committed 7756K, reserved 1048576K
}
Event: 95.940 GC heap before
{Heap before GC invocations=11 (full 0):
 garbage-first heap   total 187392K, used 59593K [0x0000000082800000, 0x0000000100000000)
  region size 1024K, 46 young (47104K), 8 survivors (8192K)
 Metaspace       used 58353K, capacity 60152K, committed 60284K, reserved 1101824K
  class space    used 7551K, capacity 8277K, committed 8396K, reserved 1048576K
}
Event: 95.957 GC heap after
{Heap after GC invocations=12 (full 0):
 garbage-first heap   total 187392K, used 24270K [0x0000000082800000, 0x0000000100000000)
  region size 1024K, 8 young (8192K), 8 survivors (8192K)
 Metaspace       used 58353K, capacity 60152K, committed 60284K, reserved 1101824K
  class space    used 7551K, capacity 8277K, committed 8396K, reserved 1048576K
}

